0 info it worked if it ends with ok
1 verbose cli [ 'C:\\Program Files\\nodejs\\node.exe',
1 verbose cli   'C:\\Users\\Administrator\\AppData\\Roaming\\npm\\node_modules\\npm\\bin\\npm-cli.js',
1 verbose cli   'i',
1 verbose cli   'cnpm' ]
2 info using npm@6.9.0
3 info using node@v10.15.1
4 verbose npm-session 79ee875876dc0a87
5 silly install loadCurrentTree
6 silly install readLocalPackageData
7 http fetch GET 200 https://registry.npmjs.org/cnpm 943ms
8 silly pacote tag manifest for cnpm@latest fetched in 963ms
9 timing stage:loadCurrentTree Completed in 5567ms
10 silly install loadIdealTree
11 silly install cloneCurrentTreeToIdealTree
12 timing stage:loadIdealTree:cloneCurrentTree Completed in 43ms
13 silly install loadShrinkwrap
14 timing npm Completed in 6098ms
15 error cb() never called!
16 error This is an error with npm itself. Please report this error at:
17 error <https://npm.community>
