0 info it worked if it ends with ok
1 verbose cli [ 'C:\\Program Files\\nodejs\\node.exe',
1 verbose cli   'C:\\Users\\Administrator\\AppData\\Roaming\\npm\\node_modules\\npm\\bin\\npm-cli.js',
1 verbose cli   'run',
1 verbose cli   'dev' ]
2 info using npm@6.9.0
3 info using node@v10.15.1
4 verbose run-script [ 'predev', 'dev', 'postdev' ]
5 info lifecycle haianchaduh5@1.0.0~predev: haianchaduh5@1.0.0
6 info lifecycle haianchaduh5@1.0.0~dev: haianchaduh5@1.0.0
7 verbose lifecycle haianchaduh5@1.0.0~dev: unsafe-perm in lifecycle true
8 verbose lifecycle haianchaduh5@1.0.0~dev: PATH: C:\Users\Administrator\AppData\Roaming\npm\node_modules\npm\node_modules\npm-lifecycle\node-gyp-bin;C:\Users\Administrator\Desktop\h5.haianchadu.com\haianchadu\haianchaduh5\node_modules\.bin;C:\Windows\system32;C:\Windows;C:\Windows\System32\Wbem;C:\Windows\System32\WindowsPowerShell\v1.0\;C:\Program Files\nodejs\;C:\Program Files\Git\cmd;C:\Program Files\Git;;D:\Microsoft VS Code\bin;C:\Users\Administrator\AppData\Roaming\npm;C:\Program Files\Git;
9 verbose lifecycle haianchaduh5@1.0.0~dev: CWD: C:\Users\Administrator\Desktop\h5.haianchadu.com\haianchadu\haianchaduh5
10 silly lifecycle haianchaduh5@1.0.0~dev: Args: [ '/d /s /c',
10 silly lifecycle   'webpack-dev-server --inline --progress --config build/webpack.dev.conf.js' ]
11 silly lifecycle haianchaduh5@1.0.0~dev: Returned: code: 3221225786  signal: null
12 info lifecycle haianchaduh5@1.0.0~dev: Failed to exec dev script
13 verbose stack Error: haianchaduh5@1.0.0 dev: `webpack-dev-server --inline --progress --config build/webpack.dev.conf.js`
13 verbose stack Exit status 3221225786
13 verbose stack     at EventEmitter.<anonymous> (C:\Users\Administrator\AppData\Roaming\npm\node_modules\npm\node_modules\npm-lifecycle\index.js:301:16)
13 verbose stack     at EventEmitter.emit (events.js:189:13)
13 verbose stack     at ChildProcess.<anonymous> (C:\Users\Administrator\AppData\Roaming\npm\node_modules\npm\node_modules\npm-lifecycle\lib\spawn.js:55:14)
13 verbose stack     at ChildProcess.emit (events.js:189:13)
13 verbose stack     at maybeClose (internal/child_process.js:970:16)
13 verbose stack     at Process.ChildProcess._handle.onexit (internal/child_process.js:259:5)
14 verbose pkgid haianchaduh5@1.0.0
15 verbose cwd C:\Users\Administrator\Desktop\h5.haianchadu.com\haianchadu\haianchaduh5
16 verbose Windows_NT 6.1.7601
17 verbose argv "C:\\Program Files\\nodejs\\node.exe" "C:\\Users\\Administrator\\AppData\\Roaming\\npm\\node_modules\\npm\\bin\\npm-cli.js" "run" "dev"
18 verbose node v10.15.1
19 verbose npm  v6.9.0
20 error code ELIFECYCLE
21 error errno 3221225786
22 error haianchaduh5@1.0.0 dev: `webpack-dev-server --inline --progress --config build/webpack.dev.conf.js`
22 error Exit status 3221225786
23 error Failed at the haianchaduh5@1.0.0 dev script.
23 error This is probably not a problem with npm. There is likely additional logging output above.
24 verbose exit [ 3221225786, true ]
